<?xml version="1.0" encoding="UTF-8"?>
<!-- Generated by org.testng.reporters.JUnitReportReporter -->
<testsuite hostname="ng_desktop" failures="0" tests="3" name="DataProviderDemo1.DataproviderExample2" time="34.830" errors="0" timestamp="2023-06-04T16:36:29 EDT" skipped="0">
  <testcase classname="DataProviderDemo1.DataproviderExample2" name="login" time="11.381"/>
  <system-out/>
  <testcase classname="DataProviderDemo1.DataproviderExample2" name="login" time="12.338"/>
  <system-out/>
  <testcase classname="DataProviderDemo1.DataproviderExample2" name="login" time="11.111"/>
  <system-out/>
</testsuite> <!-- DataProviderDemo1.DataproviderExample2 -->
