<?xml version="1.0" encoding="UTF-8"?>
<!-- Generated by org.testng.reporters.JUnitReportReporter -->
<testsuite hostname="ng_desktop" failures="0" tests="3" name="TestNGExamples.Day1Test" time="0.007" errors="0" timestamp="2023-06-12T17:48:14 EDT" skipped="0">
  <testcase classname="TestNGExamples.Day1Test" name="setUp" time="0.001"/>
  <system-out/>
  <testcase classname="TestNGExamples.Day1Test" name="logOut" time="0.000"/>
  <system-out/>
  <testcase classname="TestNGExamples.Day1Test" name="logIn" time="0.006"/>
  <system-out/>
</testsuite> <!-- TestNGExamples.Day1Test -->
