<?xml version="1.0" encoding="UTF-8"?>
<!-- Generated by org.testng.reporters.JUnitReportReporter -->
<testsuite hostname="ng_desktop" failures="0" tests="2" name="AssertCommandsExample.HardAssertExample2" time="0.009" errors="0" timestamp="2023-06-03T01:42:17 EDT" skipped="0">
  <testcase classname="AssertCommandsExample.HardAssertExample2" name="HelloMsg3" time="0.008"/>
  <system-out/>
  <testcase classname="AssertCommandsExample.HardAssertExample2" name="HelloMsg4" time="0.001"/>
  <system-out/>
</testsuite> <!-- AssertCommandsExample.HardAssertExample2 -->
