<?xml version="1.0" encoding="UTF-8"?>
<!-- Generated by org.testng.reporters.JUnitReportReporter -->
<testsuite hostname="ng_desktop" failures="0" tests="3" name="AllAnnotation.AllAnExample" time="0.004" errors="0" timestamp="2023-06-13T10:26:08 EDT" skipped="0">
  <testcase classname="AllAnnotation.AllAnExample" name="TestMethod1" time="0.003"/>
  <system-out/>
  <testcase classname="AllAnnotation.AllAnExample" name="TestMehod2" time="0.000"/>
  <system-out/>
  <testcase classname="AllAnnotation.AllAnExample" name="TestMethod3" time="0.001"/>
  <system-out/>
</testsuite> <!-- AllAnnotation.AllAnExample -->
