<?xml version="1.0" encoding="UTF-8"?>
<!-- Generated by org.testng.reporters.JUnitReportReporter -->
<testsuite hostname="ng_desktop" failures="0" tests="2" name="AssertCommandsExample.HardAssertExample1" time="0.010" errors="0" timestamp="2023-06-03T01:30:21 EDT" skipped="0">
  <testcase classname="AssertCommandsExample.HardAssertExample1" name="HelloMsg" time="0.010"/>
  <system-out/>
  <testcase classname="AssertCommandsExample.HardAssertExample1" name="HelloMsg2" time="0.000"/>
  <system-out/>
</testsuite> <!-- AssertCommandsExample.HardAssertExample1 -->
