<?xml version="1.0" encoding="UTF-8"?>
<!-- Generated by org.testng.reporters.JUnitReportReporter -->
<testsuite hostname="ng_desktop" failures="0" tests="2" name="TestNGExamples.AfterBeforeClassEX" time="0.004" errors="0" timestamp="2023-06-12T17:47:21 EDT" skipped="0">
  <testcase classname="TestNGExamples.AfterBeforeClassEX" name="search1" time="0.001"/>
  <system-out/>
  <testcase classname="TestNGExamples.AfterBeforeClassEX" name="advancedSearch1" time="0.003"/>
  <system-out/>
</testsuite> <!-- TestNGExamples.AfterBeforeClassEX -->
