<?xml version="1.0" encoding="UTF-8"?>
<!-- Generated by org.testng.reporters.JUnitReportReporter -->
<testsuite hostname="ng_desktop" failures="0" tests="2" name="TestNGExamples.BeforeAfterTestExample2" time="0.000" errors="0" timestamp="2023-06-12T17:47:29 EDT" skipped="0">
  <testcase classname="TestNGExamples.BeforeAfterTestExample2" name="searchBody" time="0.000"/>
  <system-out/>
  <testcase classname="TestNGExamples.BeforeAfterTestExample2" name="searchHome" time="0.000"/>
  <system-out/>
</testsuite> <!-- TestNGExamples.BeforeAfterTestExample2 -->
