<?xml version="1.0" encoding="UTF-8"?>
<!-- Generated by org.testng.reporters.JUnitReportReporter -->
<testsuite hostname="ng_desktop" failures="0" tests="2" name="TestNGExamples.BeforeAfterTestExample1" time="0.006" errors="0" timestamp="2023-06-12T17:47:29 EDT" skipped="0">
  <testcase classname="TestNGExamples.BeforeAfterTestExample1" name="searchBody" time="0.005"/>
  <system-out/>
  <testcase classname="TestNGExamples.BeforeAfterTestExample1" name="searchHome" time="0.001"/>
  <system-out/>
</testsuite> <!-- TestNGExamples.BeforeAfterTestExample1 -->
