<?xml version="1.0" encoding="UTF-8"?>
<!-- Generated by org.testng.reporters.JUnitReportReporter -->
<testsuite hostname="ng_desktop" failures="0" tests="3" name="TestNGExamples.Test2withPriority" time="8.068" errors="0" timestamp="2023-06-09T07:35:01 EDT" skipped="0">
  <testcase classname="TestNGExamples.Test2withPriority" name="setWebDriver" time="7.807"/>
  <system-out/>
  <testcase classname="TestNGExamples.Test2withPriority" name="loggingIn" time="0.124"/>
  <system-out/>
  <testcase classname="TestNGExamples.Test2withPriority" name="teardown" time="0.137"/>
  <system-out/>
</testsuite> <!-- TestNGExamples.Test2withPriority -->
